<?xml version="1.0" encoding="UTF-8"?>
<coverage generated="1726108334453" clover="3.2.0">
  <project timestamp="1726108334453" name="All files">
    <metrics statements="75" coveredstatements="75" conditionals="17" coveredconditionals="16" methods="13" coveredmethods="13" elements="105" coveredelements="104" complexity="0" loc="75" ncloc="75" packages="1" files="4" classes="4"/>
    <file name="config.ts" path="/home/corvo/Project-Devops/backend-base-devops/src/config.ts">
      <metrics statements="1" coveredstatements="1" conditionals="6" coveredconditionals="6" methods="0" coveredmethods="0"/>
      <line num="1" count="1" type="stmt"/>
    </file>
    <file name="numeros.ts" path="/home/corvo/Project-Devops/backend-base-devops/src/numeros.ts">
      <metrics statements="11" coveredstatements="11" conditionals="4" coveredconditionals="4" methods="1" coveredmethods="1"/>
      <line num="1" count="1" type="stmt"/>
      <line num="2" count="22" type="cond" truecount="1" falsecount="0"/>
      <line num="3" count="4" type="stmt"/>
      <line num="5" count="18" type="cond" truecount="1" falsecount="0"/>
      <line num="6" count="1" type="stmt"/>
      <line num="8" count="17" type="cond" truecount="1" falsecount="0"/>
      <line num="9" count="7" type="stmt"/>
      <line num="11" count="10" type="stmt"/>
      <line num="12" count="4" type="cond" truecount="1" falsecount="0"/>
      <line num="13" count="3" type="stmt"/>
      <line num="16" count="7" type="stmt"/>
    </file>
    <file name="palindromo.ts" path="/home/corvo/Project-Devops/backend-base-devops/src/palindromo.ts">
      <metrics statements="4" coveredstatements="4" conditionals="0" coveredconditionals="0" methods="1" coveredmethods="1"/>
      <line num="1" count="1" type="stmt"/>
      <line num="2" count="7" type="stmt"/>
      <line num="3" count="7" type="stmt"/>
      <line num="4" count="7" type="stmt"/>
    </file>
    <file name="server.ts" path="/home/corvo/Project-Devops/backend-base-devops/src/server.ts">
      <metrics statements="59" coveredstatements="59" conditionals="7" coveredconditionals="6" methods="11" coveredmethods="11"/>
      <line num="1" count="1" type="stmt"/>
      <line num="2" count="1" type="stmt"/>
      <line num="3" count="1" type="stmt"/>
      <line num="4" count="1" type="stmt"/>
      <line num="5" count="1" type="stmt"/>
      <line num="8" count="1" type="stmt"/>
      <line num="9" count="1" type="stmt"/>
      <line num="12" count="1" type="stmt"/>
      <line num="13" count="3" type="stmt"/>
      <line num="17" count="1" type="stmt"/>
      <line num="18" count="2" type="stmt"/>
      <line num="22" count="1" type="stmt"/>
      <line num="23" count="8" type="stmt"/>
      <line num="24" count="8" type="cond" truecount="1" falsecount="0"/>
      <line num="25" count="2" type="stmt"/>
      <line num="28" count="6" type="stmt"/>
      <line num="29" count="6" type="stmt"/>
      <line num="36" count="1" type="stmt"/>
      <line num="37" count="1" type="stmt"/>
      <line num="38" count="1" type="cond" truecount="1" falsecount="1"/>
      <line num="42" count="1" type="stmt"/>
      <line num="43" count="9" type="stmt"/>
      <line num="44" count="9" type="cond" truecount="1" falsecount="0"/>
      <line num="45" count="2" type="stmt"/>
      <line num="48" count="7" type="stmt"/>
      <line num="49" count="7" type="stmt"/>
      <line num="56" count="1" type="stmt"/>
      <line num="57" count="3" type="stmt"/>
      <line num="58" count="3" type="stmt"/>
      <line num="60" count="3" type="cond" truecount="1" falsecount="0"/>
      <line num="61" count="1" type="stmt"/>
      <line num="64" count="2" type="cond" truecount="2" falsecount="0"/>
      <line num="68" count="1" type="stmt"/>
      <line num="69" count="1" type="stmt"/>
      <line num="74" count="1" type="stmt"/>
      <line num="77" count="1" type="stmt"/>
      <line num="78" count="1" type="stmt"/>
      <line num="83" count="1" type="stmt"/>
      <line num="86" count="1" type="stmt"/>
      <line num="88" count="1" type="stmt"/>
      <line num="93" count="1" type="stmt"/>
      <line num="96" count="1" type="stmt"/>
      <line num="101" count="1" type="stmt"/>
      <line num="104" count="1" type="stmt"/>
      <line num="108" count="1" type="stmt"/>
      <line num="110" count="1" type="stmt"/>
      <line num="111" count="1" type="stmt"/>
      <line num="112" count="1" type="stmt"/>
      <line num="113" count="1" type="stmt"/>
      <line num="119" count="1" type="stmt"/>
      <line num="121" count="1" type="stmt"/>
      <line num="126" count="1" type="stmt"/>
      <line num="129" count="1" type="stmt"/>
      <line num="134" count="1" type="stmt"/>
      <line num="137" count="1" type="stmt"/>
      <line num="142" count="1" type="stmt"/>
      <line num="145" count="1" type="stmt"/>
      <line num="149" count="1" type="stmt"/>
      <line num="151" count="1" type="stmt"/>
    </file>
  </project>
</coverage>
