{"/home/corvo/Project-Devops/backend-base-devops/src/config.ts": {"path":"/home/corvo/Project-Devops/backend-base-devops/src/config.ts","statementMap":{"0":{"start":{"line":1,"column":13},"end":{"line":5,"column":null}}},"fnMap":{},"branchMap":{"0":{"loc":{"start":{"line":2,"column":14},"end":{"line":2,"column":48}},"type":"binary-expr","locations":[{"start":{"line":2,"column":14},"end":{"line":2,"column":34}},{"start":{"line":2,"column":38},"end":{"line":2,"column":48}}]},"1":{"loc":{"start":{"line":3,"column":10},"end":{"line":3,"column":34}},"type":"binary-expr","locations":[{"start":{"line":3,"column":10},"end":{"line":3,"column":26}},{"start":{"line":3,"column":30},"end":{"line":3,"column":34}}]},"2":{"loc":{"start":{"line":4,"column":12},"end":{"line":4,"column":48}},"type":"binary-expr","locations":[{"start":{"line":4,"column":12},"end":{"line":4,"column":31}},{"start":{"line":4,"column":35},"end":{"line":4,"column":48}}]}},"s":{"0":1},"f":{},"b":{"0":[1,1],"1":[1,1],"2":[1,1]}}
,"/home/corvo/Project-Devops/backend-base-devops/src/numeros.ts": {"path":"/home/corvo/Project-Devops/backend-base-devops/src/numeros.ts","statementMap":{"0":{"start":{"line":1,"column":23},"end":{"line":17,"column":1}},"1":{"start":{"line":2,"column":4},"end":{"line":4,"column":5}},"2":{"start":{"line":3,"column":8},"end":{"line":3,"column":21}},"3":{"start":{"line":5,"column":4},"end":{"line":7,"column":5}},"4":{"start":{"line":6,"column":8},"end":{"line":6,"column":20}},"5":{"start":{"line":8,"column":4},"end":{"line":10,"column":5}},"6":{"start":{"line":9,"column":8},"end":{"line":9,"column":21}},"7":{"start":{"line":11,"column":4},"end":{"line":15,"column":5}},"8":{"start":{"line":11,"column":17},"end":{"line":11,"column":18}},"9":{"start":{"line":12,"column":8},"end":{"line":14,"column":9}},"10":{"start":{"line":13,"column":12},"end":{"line":13,"column":25}},"11":{"start":{"line":16,"column":4},"end":{"line":16,"column":16}},"12":{"start":{"line":1,"column":13},"end":{"line":1,"column":23}}},"fnMap":{"0":{"name":"(anonymous_0)","decl":{"start":{"line":1,"column":23},"end":{"line":1,"column":24}},"loc":{"start":{"line":1,"column":51},"end":{"line":17,"column":1}}}},"branchMap":{"0":{"loc":{"start":{"line":2,"column":4},"end":{"line":4,"column":5}},"type":"if","locations":[{"start":{"line":2,"column":4},"end":{"line":4,"column":5}}]},"1":{"loc":{"start":{"line":5,"column":4},"end":{"line":7,"column":5}},"type":"if","locations":[{"start":{"line":5,"column":4},"end":{"line":7,"column":5}}]},"2":{"loc":{"start":{"line":8,"column":4},"end":{"line":10,"column":5}},"type":"if","locations":[{"start":{"line":8,"column":4},"end":{"line":10,"column":5}}]},"3":{"loc":{"start":{"line":12,"column":8},"end":{"line":14,"column":9}},"type":"if","locations":[{"start":{"line":12,"column":8},"end":{"line":14,"column":9}}]}},"s":{"0":1,"1":22,"2":4,"3":18,"4":1,"5":17,"6":7,"7":10,"8":10,"9":4,"10":3,"11":7,"12":1},"f":{"0":22},"b":{"0":[4],"1":[1],"2":[7],"3":[3]}}
,"/home/corvo/Project-Devops/backend-base-devops/src/palindromo.ts": {"path":"/home/corvo/Project-Devops/backend-base-devops/src/palindromo.ts","statementMap":{"0":{"start":{"line":1,"column":28},"end":{"line":5,"column":1}},"1":{"start":{"line":2,"column":29},"end":{"line":2,"column":67}},"2":{"start":{"line":3,"column":27},"end":{"line":3,"column":72}},"3":{"start":{"line":4,"column":4},"end":{"line":4,"column":47}},"4":{"start":{"line":1,"column":13},"end":{"line":1,"column":28}}},"fnMap":{"0":{"name":"(anonymous_0)","decl":{"start":{"line":1,"column":28},"end":{"line":1,"column":29}},"loc":{"start":{"line":1,"column":46},"end":{"line":5,"column":1}}}},"branchMap":{},"s":{"0":1,"1":7,"2":7,"3":7,"4":1},"f":{"0":7},"b":{}}
,"/home/corvo/Project-Devops/backend-base-devops/src/server.ts": {"path":"/home/corvo/Project-Devops/backend-base-devops/src/server.ts","statementMap":{"0":{"start":{"line":1,"column":0},"end":{"line":1,"column":30}},"1":{"start":{"line":2,"column":0},"end":{"line":2,"column":44}},"2":{"start":{"line":3,"column":0},"end":{"line":3,"column":47}},"3":{"start":{"line":4,"column":0},"end":{"line":4,"column":39}},"4":{"start":{"line":5,"column":0},"end":{"line":5,"column":32}},"5":{"start":{"line":8,"column":12},"end":{"line":8,"column":21}},"6":{"start":{"line":9,"column":0},"end":{"line":9,"column":24}},"7":{"start":{"line":12,"column":0},"end":{"line":14,"column":3}},"8":{"start":{"line":13,"column":4},"end":{"line":13,"column":100}},"9":{"start":{"line":17,"column":0},"end":{"line":19,"column":3}},"10":{"start":{"line":18,"column":4},"end":{"line":18,"column":98}},"11":{"start":{"line":22,"column":0},"end":{"line":33,"column":3}},"12":{"start":{"line":23,"column":18},"end":{"line":23,"column":43}},"13":{"start":{"line":24,"column":4},"end":{"line":26,"column":5}},"14":{"start":{"line":25,"column":8},"end":{"line":25,"column":77}},"15":{"start":{"line":28,"column":22},"end":{"line":28,"column":41}},"16":{"start":{"line":29,"column":4},"end":{"line":32,"column":7}},"17":{"start":{"line":36,"column":0},"end":{"line":39,"column":3}},"18":{"start":{"line":37,"column":22},"end":{"line":37,"column":32}},"19":{"start":{"line":38,"column":4},"end":{"line":38,"column":95}},"20":{"start":{"line":42,"column":0},"end":{"line":53,"column":3}},"21":{"start":{"line":43,"column":19},"end":{"line":43,"column":59}},"22":{"start":{"line":44,"column":4},"end":{"line":46,"column":5}},"23":{"start":{"line":45,"column":8},"end":{"line":45,"column":85}},"24":{"start":{"line":48,"column":22},"end":{"line":48,"column":37}},"25":{"start":{"line":49,"column":4},"end":{"line":52,"column":7}},"26":{"start":{"line":56,"column":0},"end":{"line":65,"column":3}},"27":{"start":{"line":57,"column":23},"end":{"line":57,"column":33}},"28":{"start":{"line":58,"column":22},"end":{"line":58,"column":42}},"29":{"start":{"line":60,"column":4},"end":{"line":62,"column":5}},"30":{"start":{"line":61,"column":8},"end":{"line":61,"column":85}},"31":{"start":{"line":64,"column":4},"end":{"line":64,"column":97}},"32":{"start":{"line":68,"column":0},"end":{"line":75,"column":3}},"33":{"start":{"line":69,"column":21},"end":{"line":72,"column":39}},"34":{"start":{"line":74,"column":4},"end":{"line":74,"column":106}},"35":{"start":{"line":77,"column":0},"end":{"line":84,"column":3}},"36":{"start":{"line":78,"column":21},"end":{"line":81,"column":39}},"37":{"start":{"line":83,"column":4},"end":{"line":83,"column":104}},"38":{"start":{"line":86,"column":0},"end":{"line":109,"column":3}},"39":{"start":{"line":88,"column":31},"end":{"line":91,"column":20}},"40":{"start":{"line":93,"column":4},"end":{"line":93,"column":60}},"41":{"start":{"line":96,"column":33},"end":{"line":99,"column":20}},"42":{"start":{"line":101,"column":4},"end":{"line":101,"column":63}},"43":{"start":{"line":104,"column":26},"end":{"line":106,"column":20}},"44":{"start":{"line":108,"column":4},"end":{"line":108,"column":72}},"45":{"start":{"line":110,"column":0},"end":{"line":117,"column":3}},"46":{"start":{"line":111,"column":21},"end":{"line":111,"column":82}},"47":{"start":{"line":112,"column":4},"end":{"line":112,"column":38}},"48":{"start":{"line":113,"column":4},"end":{"line":116,"column":7}},"49":{"start":{"line":119,"column":0},"end":{"line":150,"column":3}},"50":{"start":{"line":121,"column":26},"end":{"line":124,"column":20}},"51":{"start":{"line":126,"column":4},"end":{"line":126,"column":50}},"52":{"start":{"line":129,"column":28},"end":{"line":132,"column":20}},"53":{"start":{"line":134,"column":4},"end":{"line":134,"column":53}},"54":{"start":{"line":137,"column":33},"end":{"line":140,"column":20}},"55":{"start":{"line":142,"column":4},"end":{"line":142,"column":58}},"56":{"start":{"line":145,"column":26},"end":{"line":147,"column":20}},"57":{"start":{"line":149,"column":4},"end":{"line":149,"column":80}},"58":{"start":{"line":151,"column":0},"end":{"line":151,"column":19}}},"fnMap":{"0":{"name":"(anonymous_1)","decl":{"start":{"line":12,"column":13},"end":{"line":12,"column":14}},"loc":{"start":{"line":12,"column":26},"end":{"line":14,"column":1}}},"1":{"name":"(anonymous_2)","decl":{"start":{"line":17,"column":16},"end":{"line":17,"column":17}},"loc":{"start":{"line":17,"column":29},"end":{"line":19,"column":1}}},"2":{"name":"(anonymous_3)","decl":{"start":{"line":22,"column":23},"end":{"line":22,"column":24}},"loc":{"start":{"line":22,"column":36},"end":{"line":33,"column":1}}},"3":{"name":"(anonymous_4)","decl":{"start":{"line":36,"column":30},"end":{"line":36,"column":31}},"loc":{"start":{"line":36,"column":43},"end":{"line":39,"column":1}}},"4":{"name":"(anonymous_5)","decl":{"start":{"line":42,"column":18},"end":{"line":42,"column":19}},"loc":{"start":{"line":42,"column":31},"end":{"line":53,"column":1}}},"5":{"name":"(anonymous_6)","decl":{"start":{"line":56,"column":26},"end":{"line":56,"column":27}},"loc":{"start":{"line":56,"column":39},"end":{"line":65,"column":1}}},"6":{"name":"(anonymous_7)","decl":{"start":{"line":68,"column":61},"end":{"line":68,"column":66}},"loc":{"start":{"line":68,"column":72},"end":{"line":75,"column":1}}},"7":{"name":"(anonymous_8)","decl":{"start":{"line":77,"column":65},"end":{"line":77,"column":70}},"loc":{"start":{"line":77,"column":76},"end":{"line":84,"column":1}}},"8":{"name":"(anonymous_9)","decl":{"start":{"line":86,"column":96},"end":{"line":86,"column":101}},"loc":{"start":{"line":86,"column":107},"end":{"line":109,"column":1}}},"9":{"name":"(anonymous_10)","decl":{"start":{"line":110,"column":65},"end":{"line":110,"column":70}},"loc":{"start":{"line":110,"column":76},"end":{"line":117,"column":1}}},"10":{"name":"(anonymous_11)","decl":{"start":{"line":119,"column":83},"end":{"line":119,"column":88}},"loc":{"start":{"line":119,"column":94},"end":{"line":150,"column":1}}}},"branchMap":{"0":{"loc":{"start":{"line":24,"column":4},"end":{"line":26,"column":5}},"type":"if","locations":[{"start":{"line":24,"column":4},"end":{"line":26,"column":5}}]},"1":{"loc":{"start":{"line":38,"column":41},"end":{"line":38,"column":77}},"type":"cond-expr","locations":[{"start":{"line":38,"column":63},"end":{"line":38,"column":67}},{"start":{"line":38,"column":70},"end":{"line":38,"column":77}}]},"2":{"loc":{"start":{"line":44,"column":4},"end":{"line":46,"column":5}},"type":"if","locations":[{"start":{"line":44,"column":4},"end":{"line":46,"column":5}}]},"3":{"loc":{"start":{"line":60,"column":4},"end":{"line":62,"column":5}},"type":"if","locations":[{"start":{"line":60,"column":4},"end":{"line":62,"column":5}}]},"4":{"loc":{"start":{"line":64,"column":42},"end":{"line":64,"column":77}},"type":"cond-expr","locations":[{"start":{"line":64,"column":63},"end":{"line":64,"column":67}},{"start":{"line":64,"column":70},"end":{"line":64,"column":77}}]}},"s":{"0":1,"1":1,"2":1,"3":1,"4":1,"5":1,"6":1,"7":1,"8":3,"9":1,"10":2,"11":1,"12":8,"13":8,"14":2,"15":6,"16":6,"17":1,"18":1,"19":1,"20":1,"21":9,"22":9,"23":2,"24":7,"25":7,"26":1,"27":3,"28":3,"29":3,"30":1,"31":2,"32":1,"33":1,"34":1,"35":1,"36":1,"37":1,"38":1,"39":1,"40":1,"41":1,"42":1,"43":1,"44":1,"45":1,"46":1,"47":1,"48":1,"49":1,"50":1,"51":1,"52":1,"53":1,"54":1,"55":1,"56":1,"57":1,"58":1},"f":{"0":3,"1":2,"2":8,"3":1,"4":9,"5":3,"6":1,"7":1,"8":1,"9":1,"10":1},"b":{"0":[2],"1":[1,0],"2":[2],"3":[1],"4":[1,1]}}
}
