{"/home/corvo/Project-Devops/backend-base-devops/src/config.ts": {"path":"/home/corvo/Project-Devops/backend-base-devops/src/config.ts","statementMap":{"0":{"start":{"line":1,"column":13},"end":{"line":5,"column":null}}},"fnMap":{},"branchMap":{"0":{"loc":{"start":{"line":2,"column":14},"end":{"line":2,"column":51}},"type":"binary-expr","locations":[{"start":{"line":2,"column":14},"end":{"line":2,"column":34}},{"start":{"line":2,"column":38},"end":{"line":2,"column":51}}]},"1":{"loc":{"start":{"line":3,"column":10},"end":{"line":3,"column":34}},"type":"binary-expr","locations":[{"start":{"line":3,"column":10},"end":{"line":3,"column":26}},{"start":{"line":3,"column":30},"end":{"line":3,"column":34}}]},"2":{"loc":{"start":{"line":4,"column":12},"end":{"line":4,"column":48}},"type":"binary-expr","locations":[{"start":{"line":4,"column":12},"end":{"line":4,"column":31}},{"start":{"line":4,"column":35},"end":{"line":4,"column":48}}]}},"s":{"0":1},"f":{},"b":{"0":[1,1],"1":[1,1],"2":[1,1]}}
,"/home/corvo/Project-Devops/backend-base-devops/src/numeros.ts": {"path":"/home/corvo/Project-Devops/backend-base-devops/src/numeros.ts","statementMap":{"0":{"start":{"line":1,"column":23},"end":{"line":17,"column":1}},"1":{"start":{"line":2,"column":4},"end":{"line":4,"column":5}},"2":{"start":{"line":3,"column":8},"end":{"line":3,"column":21}},"3":{"start":{"line":5,"column":4},"end":{"line":7,"column":5}},"4":{"start":{"line":6,"column":8},"end":{"line":6,"column":20}},"5":{"start":{"line":8,"column":4},"end":{"line":10,"column":5}},"6":{"start":{"line":9,"column":8},"end":{"line":9,"column":21}},"7":{"start":{"line":11,"column":4},"end":{"line":15,"column":5}},"8":{"start":{"line":11,"column":17},"end":{"line":11,"column":18}},"9":{"start":{"line":12,"column":8},"end":{"line":14,"column":9}},"10":{"start":{"line":13,"column":12},"end":{"line":13,"column":25}},"11":{"start":{"line":16,"column":4},"end":{"line":16,"column":16}},"12":{"start":{"line":1,"column":13},"end":{"line":1,"column":23}}},"fnMap":{"0":{"name":"(anonymous_0)","decl":{"start":{"line":1,"column":23},"end":{"line":1,"column":24}},"loc":{"start":{"line":1,"column":51},"end":{"line":17,"column":1}}}},"branchMap":{"0":{"loc":{"start":{"line":2,"column":4},"end":{"line":4,"column":5}},"type":"if","locations":[{"start":{"line":2,"column":4},"end":{"line":4,"column":5}}]},"1":{"loc":{"start":{"line":5,"column":4},"end":{"line":7,"column":5}},"type":"if","locations":[{"start":{"line":5,"column":4},"end":{"line":7,"column":5}}]},"2":{"loc":{"start":{"line":8,"column":4},"end":{"line":10,"column":5}},"type":"if","locations":[{"start":{"line":8,"column":4},"end":{"line":10,"column":5}}]},"3":{"loc":{"start":{"line":12,"column":8},"end":{"line":14,"column":9}},"type":"if","locations":[{"start":{"line":12,"column":8},"end":{"line":14,"column":9}}]}},"s":{"0":1,"1":19,"2":3,"3":16,"4":1,"5":15,"6":6,"7":9,"8":9,"9":4,"10":3,"11":6,"12":1},"f":{"0":19},"b":{"0":[3],"1":[1],"2":[6],"3":[3]}}
,"/home/corvo/Project-Devops/backend-base-devops/src/palindromo.ts": {"path":"/home/corvo/Project-Devops/backend-base-devops/src/palindromo.ts","statementMap":{"0":{"start":{"line":1,"column":28},"end":{"line":5,"column":1}},"1":{"start":{"line":2,"column":29},"end":{"line":2,"column":67}},"2":{"start":{"line":3,"column":27},"end":{"line":3,"column":72}},"3":{"start":{"line":4,"column":4},"end":{"line":4,"column":47}},"4":{"start":{"line":1,"column":13},"end":{"line":1,"column":28}}},"fnMap":{"0":{"name":"(anonymous_0)","decl":{"start":{"line":1,"column":28},"end":{"line":1,"column":29}},"loc":{"start":{"line":1,"column":46},"end":{"line":5,"column":1}}}},"branchMap":{},"s":{"0":1,"1":4,"2":4,"3":4,"4":1},"f":{"0":4},"b":{}}
,"/home/corvo/Project-Devops/backend-base-devops/src/server.ts": {"path":"/home/corvo/Project-Devops/backend-base-devops/src/server.ts","statementMap":{"0":{"start":{"line":1,"column":0},"end":{"line":1,"column":30}},"1":{"start":{"line":2,"column":0},"end":{"line":2,"column":44}},"2":{"start":{"line":3,"column":0},"end":{"line":3,"column":47}},"3":{"start":{"line":4,"column":0},"end":{"line":4,"column":39}},"4":{"start":{"line":6,"column":12},"end":{"line":6,"column":21}},"5":{"start":{"line":7,"column":0},"end":{"line":7,"column":24}},"6":{"start":{"line":10,"column":0},"end":{"line":12,"column":3}},"7":{"start":{"line":11,"column":4},"end":{"line":11,"column":100}},"8":{"start":{"line":15,"column":0},"end":{"line":17,"column":3}},"9":{"start":{"line":16,"column":4},"end":{"line":16,"column":98}},"10":{"start":{"line":20,"column":0},"end":{"line":31,"column":3}},"11":{"start":{"line":21,"column":18},"end":{"line":21,"column":43}},"12":{"start":{"line":22,"column":4},"end":{"line":24,"column":5}},"13":{"start":{"line":23,"column":8},"end":{"line":23,"column":77}},"14":{"start":{"line":26,"column":22},"end":{"line":26,"column":41}},"15":{"start":{"line":27,"column":4},"end":{"line":30,"column":7}},"16":{"start":{"line":34,"column":0},"end":{"line":37,"column":3}},"17":{"start":{"line":35,"column":22},"end":{"line":35,"column":32}},"18":{"start":{"line":36,"column":4},"end":{"line":36,"column":95}},"19":{"start":{"line":40,"column":0},"end":{"line":51,"column":3}},"20":{"start":{"line":41,"column":19},"end":{"line":41,"column":59}},"21":{"start":{"line":42,"column":4},"end":{"line":44,"column":5}},"22":{"start":{"line":43,"column":8},"end":{"line":43,"column":85}},"23":{"start":{"line":46,"column":22},"end":{"line":46,"column":37}},"24":{"start":{"line":47,"column":4},"end":{"line":50,"column":7}},"25":{"start":{"line":54,"column":0},"end":{"line":63,"column":3}},"26":{"start":{"line":55,"column":23},"end":{"line":55,"column":33}},"27":{"start":{"line":56,"column":22},"end":{"line":56,"column":42}},"28":{"start":{"line":58,"column":4},"end":{"line":60,"column":5}},"29":{"start":{"line":59,"column":8},"end":{"line":59,"column":85}},"30":{"start":{"line":62,"column":4},"end":{"line":62,"column":97}},"31":{"start":{"line":65,"column":0},"end":{"line":65,"column":19}}},"fnMap":{"0":{"name":"(anonymous_1)","decl":{"start":{"line":10,"column":13},"end":{"line":10,"column":14}},"loc":{"start":{"line":10,"column":26},"end":{"line":12,"column":1}}},"1":{"name":"(anonymous_2)","decl":{"start":{"line":15,"column":16},"end":{"line":15,"column":17}},"loc":{"start":{"line":15,"column":29},"end":{"line":17,"column":1}}},"2":{"name":"(anonymous_3)","decl":{"start":{"line":20,"column":23},"end":{"line":20,"column":24}},"loc":{"start":{"line":20,"column":36},"end":{"line":31,"column":1}}},"3":{"name":"(anonymous_4)","decl":{"start":{"line":34,"column":30},"end":{"line":34,"column":31}},"loc":{"start":{"line":34,"column":43},"end":{"line":37,"column":1}}},"4":{"name":"(anonymous_5)","decl":{"start":{"line":40,"column":18},"end":{"line":40,"column":19}},"loc":{"start":{"line":40,"column":31},"end":{"line":51,"column":1}}},"5":{"name":"(anonymous_6)","decl":{"start":{"line":54,"column":26},"end":{"line":54,"column":27}},"loc":{"start":{"line":54,"column":39},"end":{"line":63,"column":1}}}},"branchMap":{"0":{"loc":{"start":{"line":22,"column":4},"end":{"line":24,"column":5}},"type":"if","locations":[{"start":{"line":22,"column":4},"end":{"line":24,"column":5}}]},"1":{"loc":{"start":{"line":36,"column":41},"end":{"line":36,"column":77}},"type":"cond-expr","locations":[{"start":{"line":36,"column":63},"end":{"line":36,"column":67}},{"start":{"line":36,"column":70},"end":{"line":36,"column":77}}]},"2":{"loc":{"start":{"line":42,"column":4},"end":{"line":44,"column":5}},"type":"if","locations":[{"start":{"line":42,"column":4},"end":{"line":44,"column":5}}]},"3":{"loc":{"start":{"line":58,"column":4},"end":{"line":60,"column":5}},"type":"if","locations":[{"start":{"line":58,"column":4},"end":{"line":60,"column":5}}]},"4":{"loc":{"start":{"line":62,"column":42},"end":{"line":62,"column":77}},"type":"cond-expr","locations":[{"start":{"line":62,"column":63},"end":{"line":62,"column":67}},{"start":{"line":62,"column":70},"end":{"line":62,"column":77}}]}},"s":{"0":1,"1":1,"2":1,"3":1,"4":1,"5":1,"6":1,"7":2,"8":1,"9":1,"10":1,"11":4,"12":4,"13":1,"14":3,"15":3,"16":1,"17":1,"18":1,"19":1,"20":5,"21":5,"22":1,"23":4,"24":4,"25":1,"26":3,"27":3,"28":3,"29":1,"30":2,"31":1},"f":{"0":2,"1":1,"2":4,"3":1,"4":5,"5":3},"b":{"0":[1],"1":[1,0],"2":[1],"3":[1],"4":[1,1]}}
}
