TN:
SF:src/config.ts
FNF:0
FNH:0
DA:1,1
LF:1
LH:1
BRDA:2,0,0,1
BRDA:2,0,1,1
BRDA:3,1,0,1
BRDA:3,1,1,1
BRDA:4,2,0,1
BRDA:4,2,1,1
BRF:6
BRH:6
end_of_record
TN:
SF:src/numeros.ts
FN:1,(anonymous_0)
FNF:1
FNH:1
FNDA:19,(anonymous_0)
DA:1,1
DA:2,19
DA:3,3
DA:5,16
DA:6,1
DA:8,15
DA:9,6
DA:11,9
DA:12,4
DA:13,3
DA:16,6
LF:11
LH:11
BRDA:2,0,0,3
BRDA:5,1,0,1
BRDA:8,2,0,6
BRDA:12,3,0,3
BRF:4
BRH:4
end_of_record
TN:
SF:src/palindromo.ts
FN:1,(anonymous_0)
FNF:1
FNH:1
FNDA:4,(anonymous_0)
DA:1,1
DA:2,4
DA:3,4
DA:4,4
LF:4
LH:4
BRF:0
BRH:0
end_of_record
TN:
SF:src/server.ts
FN:10,(anonymous_1)
FN:15,(anonymous_2)
FN:20,(anonymous_3)
FN:34,(anonymous_4)
FN:40,(anonymous_5)
FN:54,(anonymous_6)
FNF:6
FNH:6
FNDA:2,(anonymous_1)
FNDA:1,(anonymous_2)
FNDA:4,(anonymous_3)
FNDA:1,(anonymous_4)
FNDA:5,(anonymous_5)
FNDA:3,(anonymous_6)
DA:1,1
DA:2,1
DA:3,1
DA:4,1
DA:6,1
DA:7,1
DA:10,1
DA:11,2
DA:15,1
DA:16,1
DA:20,1
DA:21,4
DA:22,4
DA:23,1
DA:26,3
DA:27,3
DA:34,1
DA:35,1
DA:36,1
DA:40,1
DA:41,5
DA:42,5
DA:43,1
DA:46,4
DA:47,4
DA:54,1
DA:55,3
DA:56,3
DA:58,3
DA:59,1
DA:62,2
DA:65,1
LF:32
LH:32
BRDA:22,0,0,1
BRDA:36,1,0,1
BRDA:36,1,1,0
BRDA:42,2,0,1
BRDA:58,3,0,1
BRDA:62,4,0,1
BRDA:62,4,1,1
BRF:7
BRH:6
end_of_record
