TN:
SF:src/config.ts
FNF:0
FNH:0
DA:1,1
LF:1
LH:1
BRDA:2,0,0,1
BRDA:2,0,1,1
BRDA:3,1,0,1
BRDA:3,1,1,1
BRDA:4,2,0,1
BRDA:4,2,1,1
BRF:6
BRH:6
end_of_record
TN:
SF:src/numeros.ts
FN:1,(anonymous_0)
FNF:1
FNH:1
FNDA:22,(anonymous_0)
DA:1,1
DA:2,22
DA:3,4
DA:5,18
DA:6,1
DA:8,17
DA:9,7
DA:11,10
DA:12,4
DA:13,3
DA:16,7
LF:11
LH:11
BRDA:2,0,0,4
BRDA:5,1,0,1
BRDA:8,2,0,7
BRDA:12,3,0,3
BRF:4
BRH:4
end_of_record
TN:
SF:src/palindromo.ts
FN:1,(anonymous_0)
FNF:1
FNH:1
FNDA:7,(anonymous_0)
DA:1,1
DA:2,7
DA:3,7
DA:4,7
LF:4
LH:4
BRF:0
BRH:0
end_of_record
TN:
SF:src/server.ts
FN:12,(anonymous_1)
FN:17,(anonymous_2)
FN:22,(anonymous_3)
FN:36,(anonymous_4)
FN:42,(anonymous_5)
FN:56,(anonymous_6)
FN:68,(anonymous_7)
FN:77,(anonymous_8)
FN:86,(anonymous_9)
FN:110,(anonymous_10)
FN:119,(anonymous_11)
FNF:11
FNH:11
FNDA:3,(anonymous_1)
FNDA:2,(anonymous_2)
FNDA:8,(anonymous_3)
FNDA:1,(anonymous_4)
FNDA:9,(anonymous_5)
FNDA:3,(anonymous_6)
FNDA:1,(anonymous_7)
FNDA:1,(anonymous_8)
FNDA:1,(anonymous_9)
FNDA:1,(anonymous_10)
FNDA:1,(anonymous_11)
DA:1,1
DA:2,1
DA:3,1
DA:4,1
DA:5,1
DA:8,1
DA:9,1
DA:12,1
DA:13,3
DA:17,1
DA:18,2
DA:22,1
DA:23,8
DA:24,8
DA:25,2
DA:28,6
DA:29,6
DA:36,1
DA:37,1
DA:38,1
DA:42,1
DA:43,9
DA:44,9
DA:45,2
DA:48,7
DA:49,7
DA:56,1
DA:57,3
DA:58,3
DA:60,3
DA:61,1
DA:64,2
DA:68,1
DA:69,1
DA:74,1
DA:77,1
DA:78,1
DA:83,1
DA:86,1
DA:88,1
DA:93,1
DA:96,1
DA:101,1
DA:104,1
DA:108,1
DA:110,1
DA:111,1
DA:112,1
DA:113,1
DA:119,1
DA:121,1
DA:126,1
DA:129,1
DA:134,1
DA:137,1
DA:142,1
DA:145,1
DA:149,1
DA:151,1
LF:59
LH:59
BRDA:24,0,0,2
BRDA:38,1,0,1
BRDA:38,1,1,0
BRDA:44,2,0,2
BRDA:60,3,0,1
BRDA:64,4,0,1
BRDA:64,4,1,1
BRF:7
BRH:6
end_of_record
